<?xml version="1.0" encoding="utf-8"?><testsuites name="pytest tests"><testsuite name="pytest" errors="0" failures="0" skipped="0" tests="7" time="0.063" timestamp="2025-09-29T21:46:45.458181-05:00" hostname="DESKTOP-392DMD4"><testcase classname="tests.test_basic.TestBuggyCode" name="test_dividir_numeros_caso_normal" time="0.001" /><testcase classname="tests.test_basic.TestBuggyCode" name="test_dividir_numeros_con_decimales" time="0.001" /><testcase classname="tests.test_basic.TestDuplicatedCode1" name="test_calcular_estadisticas_numericas_lista_normal" time="0.001" /><testcase classname="tests.test_basic.TestDuplicatedCode1" name="test_calcular_estadisticas_numericas_lista_vacia" time="0.001" /><testcase classname="tests.test_basic.TestDuplicatedCode1" name="test_buscar_elemento_en_lista_encontrado" time="0.001" /><testcase classname="tests.test_basic.TestDuplicatedCode1" name="test_buscar_elemento_en_lista_no_encontrado" time="0.001" /><testcase classname="tests.test_basic.TestDuplicatedCode1" name="test_buscar_elemento_en_lista_vacia" time="0.001" /></testsuite></testsuites>