<?xml version="1.0" encoding="utf-8"?><testsuites><testsuite name="pytest" errors="0" failures="0" skipped="0" tests="95" time="1.306" timestamp="2025-10-01T18:03:34.703396" hostname="DESKTOP-MAK625D"><testcase classname="tests.test_basic.TestBuggyCode" name="test_dividir_numeros_caso_normal" time="0.004" /><testcase classname="tests.test_basic.TestBuggyCode" name="test_dividir_numeros_con_decimales" time="0.002" /><testcase classname="tests.test_basic.TestDuplicatedCode1" name="test_calcular_estadisticas_numericas_lista_normal" time="0.002" /><testcase classname="tests.test_basic.TestDuplicatedCode1" name="test_calcular_estadisticas_numericas_lista_vacia" time="0.001" /><testcase classname="tests.test_basic.TestDuplicatedCode1" name="test_buscar_elemento_en_lista_encontrado" time="0.001" /><testcase classname="tests.test_basic.TestDuplicatedCode1" name="test_buscar_elemento_en_lista_no_encontrado" time="0.002" /><testcase classname="tests.test_basic.TestDuplicatedCode1" name="test_buscar_elemento_en_lista_vacia" time="0.002" /><testcase classname="tests.test_buggy_code" name="test_dividir_numeros_ok" time="0.002" /><testcase classname="tests.test_buggy_code" name="test_dividir_numeros_zero_division" time="0.002" /><testcase classname="tests.test_buggy_code" name="test_usar_variable_no_definida" time="0.002" /><testcase classname="tests.test_buggy_code" name="test_manejo_excepciones_vacio" time="0.002" /><testcase classname="tests.test_buggy_code" name="test_usar_eval_peligroso_ok" time="0.002" /><testcase classname="tests.test_buggy_code" name="test_usar_eval_peligroso_division_por_cero" time="0.002" /><testcase classname="tests.test_buggy_code" name="test_abrir_archivo_sin_cerrar_no_existe" time="0.039" /><testcase classname="tests.test_buggy_code" name="test_procesar_lista_nula_ok" time="0.001" /><testcase classname="tests.test_buggy_code" name="test_procesar_lista_nula_none" time="0.002" /><testcase classname="tests.test_buggy_code" name="test_comparar_string_con_int" time="0.002" /><testcase classname="tests.test_buggy_code" name="test_acceso_indice_fuera_rango" time="0.002" /><testcase classname="tests.test_buggy_code" name="test_usar_atributo_inexistente" time="0.001" /><testcase classname="tests.test_buggy_code" name="test_comparaciones_tipos_incompatibles" time="0.002" /><testcase classname="tests.test_buggy_code" name="test_comparaciones_imposibles" time="0.003" /><testcase classname="tests.test_buggy_code" name="test_operaciones_imposibles" time="0.002" /><testcase classname="tests.test_buggy_code" name="test_uso_recursos_no_cerrados" time="0.008" /><testcase classname="tests.test_buggy_code" name="test_variables_no_inicializadas" time="0.002" /><testcase classname="tests.test_buggy_code" name="test_excepciones_no_manejadas" time="0.002" /><testcase classname="tests.test_buggy_code" name="test_comparaciones_strings_peligrosas" time="0.002" /><testcase classname="tests.test_buggy_code" name="test_operaciones_lista_peligrosas" time="0.002" /><testcase classname="tests.test_buggy_code_new_coverage" name="test_usar_eval_peligroso_none_raises" time="0.003" /><testcase classname="tests.test_buggy_code_new_coverage" name="test_usar_eval_peligroso_pow_mod_unary" time="0.003" /><testcase classname="tests.test_buggy_code_new_coverage" name="test_abrir_archivo_sin_cerrar_exists" time="0.009" /><testcase classname="tests.test_buggy_code_new_coverage" name="test_acceso_indice_fuera_rango_bordes" time="0.002" /><testcase classname="tests.test_complex_code" name="test_funcion_muy_larga_con_muchas_responsabilidades" time="0.003" /><testcase classname="tests.test_complex_code" name="test_funcion_con_muchos_parametros_y_logica_compleja" time="0.001" /><testcase classname="tests.test_complex_code" name="test_funcion_con_muchos_parametros_excluye_diez_en_suma" time="0.002" /><testcase classname="tests.test_complex_code" name="test_funcion_con_muchas_variables_y_operaciones" time="0.003" /><testcase classname="tests.test_complex_code" name="test_funcion_con_muchos_comentarios_redundantes" time="0.002" /><testcase classname="tests.test_complex_code" name="test_funcion_con_muchos_imports_no_usados" time="0.002" /><testcase classname="tests.test_complex_code" name="test_funcion_con_muchos_strings_magicos_success" time="0.002" /><testcase classname="tests.test_complex_code" name="test_funcion_con_muchos_strings_magicos_error" time="0.002" /><testcase classname="tests.test_complex_code" name="test_funcion_con_muchos_numeros_magicos" time="0.002" /><testcase classname="tests.test_duplicated_code.TestDuplicatedModules" name="test_calcular_estadisticas_numericas_ok[src.app.duplicated_code1]" time="0.003" /><testcase classname="tests.test_duplicated_code.TestDuplicatedModules" name="test_calcular_estadisticas_numericas_vacia[src.app.duplicated_code1]" time="0.002" /><testcase classname="tests.test_duplicated_code.TestDuplicatedModules" name="test_procesar_archivo_csv_ok[src.app.duplicated_code1]" time="0.010" /><testcase classname="tests.test_duplicated_code.TestDuplicatedModules" name="test_procesar_archivo_csv_no_existe[src.app.duplicated_code1]" time="0.006" /><testcase classname="tests.test_duplicated_code.TestDuplicatedModules" name="test_validar_datos_entrada[src.app.duplicated_code1]" time="0.002" /><testcase classname="tests.test_duplicated_code.TestDuplicatedModules" name="test_convertir_temperaturas[src.app.duplicated_code1]" time="0.002" /><testcase classname="tests.test_duplicated_code.TestDuplicatedModules" name="test_buscar_elemento_en_lista[src.app.duplicated_code1]" time="0.002" /><testcase classname="tests.test_extreme_debt" name="test_funcion_extremadamente_larga_con_muchas_responsabilidades_shape" time="0.053" /><testcase classname="tests.test_extreme_debt" name="test_funcion_con_muchos_parametros_extremos_suma_positivos" time="0.002" /><testcase classname="tests.test_extreme_debt" name="test_funcion_con_muchas_variables_locales_extremas" time="0.003" /><testcase classname="tests.test_extreme_debt" name="test_funcion_con_muchos_return_statements_extremos" time="0.002" /><testcase classname="tests.test_long_function" name="test_procesar_datos_complejos_basico" time="0.002" /><testcase classname="tests.test_long_function" name="test_validar_formulario_usuario_ok" time="0.002" /><testcase classname="tests.test_long_function" name="test_validar_formulario_usuario_errores_minimos" time="0.003" /><testcase classname="tests.test_long_function" name="test_funcion_con_muchos_parametros" time="0.002" /><testcase classname="tests.test_long_function" name="test_strings_y_numeros_magicos" time="0.002" /><testcase classname="tests.test_long_function" name="test_context_managers" time="0.014" /><testcase classname="tests.test_long_function_extra" name="test_funcion_con_complejidad_ciclamatica" time="0.002" /><testcase classname="tests.test_long_function_extra" name="test_funcion_con_muchas_variables_locales" time="0.001" /><testcase classname="tests.test_long_function_extra" name="test_funcion_con_muchos_return" time="0.002" /><testcase classname="tests.test_long_function_extra" name="test_funcion_con_imports_no_usados" time="0.002" /><testcase classname="tests.test_long_function_extra" name="test_funcion_con_muchos_if_anidados" time="0.001" /><testcase classname="tests.test_long_function_extra" name="test_funcion_con_muchos_elif" time="0.002" /><testcase classname="tests.test_long_function_extra" name="test_funcion_con_muchos_bucles_anidados" time="0.002" /><testcase classname="tests.test_long_function_extra" name="test_funcion_con_muchas_condiciones_complejas" time="0.002" /><testcase classname="tests.test_long_function_extra" name="test_funcion_con_muchos_try_except" time="0.002" /><testcase classname="tests.test_long_function_extra" name="test_funcion_con_muchos_while" time="0.002" /><testcase classname="tests.test_long_function_extra" name="test_funcion_con_muchos_operadores_logicos" time="0.002" /><testcase classname="tests.test_long_function_extra" name="test_funcion_con_muchos_casos_switch" time="0.003" /><testcase classname="tests.test_long_function_extra" name="test_funcion_con_muchos_operadores_ternarios" time="0.002" /><testcase classname="tests.test_long_function_extra" name="test_funcion_con_muchos_lambdas" time="0.003" /><testcase classname="tests.test_long_function_extra" name="test_funcion_con_muchos_generadores" time="0.002" /><testcase classname="tests.test_long_function_extra" name="test_funcion_con_muchos_decoradores" time="0.002" /><testcase classname="tests.test_long_function_extra" name="test_funcion_con_duplicacion_interna" time="0.002" /><testcase classname="tests.test_massive_debt" name="test_funcion_con_complejidad_ciclamatica_extrema_tipo_y_rango" time="0.002" /><testcase classname="tests.test_massive_debt" name="test_funcion_con_muchos_bucles_anidados_extremos_valor" time="0.002" /><testcase classname="tests.test_massive_debt" name="test_funcion_con_muchos_try_except_anidados_extremos_determinista" time="0.002" /><testcase classname="tests.test_massive_debt" name="test_funcion_con_muchos_operadores_logicos_extremos" time="0.002" /><testcase classname="tests.test_massive_debt" name="test_funcion_con_muchos_strings_magicos_extremos" time="0.002" /><testcase classname="tests.test_massive_debt" name="test_funcion_con_muchos_numeros_magicos_extremos" time="0.003" /><testcase classname="tests.test_mega_debt" name="test_funcion_mega_larga_con_responsabilidades_masivas_monkeypatched" time="0.025" /><testcase classname="tests.test_mega_debt" name="test_funcion_con_parametros_masivos_suma_positivos" time="0.002" /><testcase classname="tests.test_ultra_debt" name="test_funcion_con_variables_locales_masivas" time="0.003" /><testcase classname="tests.test_ultra_debt" name="test_funcion_con_return_statements_masivos" time="0.001" /><testcase classname="tests.test_ultra_debt" name="test_funcion_con_complejidad_ciclamatica_masiva" time="0.002" /><testcase classname="tests.test_ultra_debt" name="test_funcion_con_bucles_anidados_masivos" time="0.001" /><testcase classname="tests.test_ultra_debt" name="test_funcion_con_try_except_masivos" time="0.003" /><testcase classname="tests.test_utils_debt" name="test_safe_div_ok" time="0.002" /><testcase classname="tests.test_utils_debt" name="test_safe_div_zero" time="0.001" /><testcase classname="tests.test_utils_debt" name="test_dispatch_by_key_ok_and_default" time="0.002" /><testcase classname="tests.test_utils_debt" name="test_nested_loops_values" time="0.003" /><testcase classname="tests.test_utils_debt" name="test_normalize_numbers_and_errors" time="0.002" /><testcase classname="tests.test_utils_debt" name="test_aggregate_stats" time="0.002" /><testcase classname="tests.test_utils_debt" name="test_validate_index_ok_and_error" time="0.002" /><testcase classname="tests.test_utils_debt" name="test_optional_extras_if_present" time="0.003" /></testsuite></testsuites>